\BOOKMARK [1][-]{section.1}{Overview}{}
\BOOKMARK [1][-]{section.2}{A Beginners Guide}{}
\BOOKMARK [1][-]{section.3}{Tutorial}{}
\BOOKMARK [2][-]{subsection.3.1}{Sparse Stereo}{section.3}
\BOOKMARK [3][-]{subsubsection.3.1.1}{Step 1}{subsection.3.1}
\BOOKMARK [3][-]{subsubsection.3.1.2}{Step 2}{subsection.3.1}
\BOOKMARK [3][-]{subsubsection.3.1.3}{Step 3}{subsection.3.1}
\BOOKMARK [3][-]{subsubsection.3.1.4}{Visualisation}{subsection.3.1}
\BOOKMARK [2][-]{subsection.3.2}{Dense Stereo}{section.3}
\BOOKMARK [3][-]{subsubsection.3.2.1}{Fundamental Calibration}{subsection.3.2}
\BOOKMARK [3][-]{subsubsection.3.2.2}{Rectification}{subsection.3.2}
\BOOKMARK [3][-]{subsubsection.3.2.3}{Scaling and Cropping}{subsection.3.2}
\BOOKMARK [3][-]{subsubsection.3.2.4}{Stereopsis}{subsection.3.2}
\BOOKMARK [3][-]{subsubsection.3.2.5}{Warping}{subsection.3.2}
\BOOKMARK [3][-]{subsubsection.3.2.6}{Disparity to Mesh}{subsection.3.2}
\BOOKMARK [3][-]{subsubsection.3.2.7}{Final Words}{subsection.3.2}
\BOOKMARK [1][-]{section.4}{Intrinsic Calibration}{}
\BOOKMARK [2][-]{subsection.4.1}{Notes on calibration}{section.4}
\BOOKMARK [2][-]{subsection.4.2}{Tutorial}{section.4}
\BOOKMARK [2][-]{subsection.4.3}{By the Button}{section.4}
\BOOKMARK [1][-]{section.5}{Protractor}{}
\BOOKMARK [1][-]{section.6}{Fundamental Calibration}{}
\BOOKMARK [1][-]{section.7}{Triangulator}{}
\BOOKMARK [1][-]{section.8}{Capture}{}
\BOOKMARK [1][-]{section.9}{Rectification}{}
\BOOKMARK [1][-]{section.10}{Stereopsis}{}
\BOOKMARK [1][-]{section.11}{Disparity To Mesh}{}
\BOOKMARK [1][-]{section.12}{Disparity Masking}{}
\BOOKMARK [1][-]{section.13}{Disparity Cleaner}{}
\BOOKMARK [1][-]{section.14}{Disparity Comparator}{}
\BOOKMARK [1][-]{section.15}{Disparity To Needle Map}{}
\BOOKMARK [1][-]{section.16}{Scale}{}
\BOOKMARK [1][-]{section.17}{Crop}{}
\BOOKMARK [1][-]{section.18}{Crop Rectified Pair}{}
\BOOKMARK [1][-]{section.19}{Scale Rectified Pair}{}
\BOOKMARK [1][-]{section.20}{Warp}{}
\BOOKMARK [1][-]{section.21}{Super Warp}{}
\BOOKMARK [1][-]{section.22}{Distorter}{}
\BOOKMARK [1][-]{section.23}{Undistortor}{}
\BOOKMARK [1][-]{section.24}{Cameras to Pair}{}
\BOOKMARK [1][-]{section.25}{Pair to Cameras}{}
\BOOKMARK [1][-]{section.26}{Swap Pair}{}
\BOOKMARK [1][-]{section.27}{Camera Calibration}{}
\BOOKMARK [1][-]{section.28}{Camera to Intrinsic}{}
\BOOKMARK [1][-]{section.29}{Mesh to Disparity}{}
\BOOKMARK [1][-]{section.30}{Mesh Wibbalizer}{}
\BOOKMARK [1][-]{section.31}{Render Mesh}{}
\BOOKMARK [1][-]{section.32}{Visualise}{}
\BOOKMARK [1][-]{section.33}{Colour Matching}{}
\BOOKMARK [1][-]{section.34}{Homography}{}
\BOOKMARK [1][-]{section.35}{Anaglyph}{}
\BOOKMARK [1][-]{section.36}{Crop Disparity}{}
\BOOKMARK [1][-]{section.37}{Scale Disparity}{}
\BOOKMARK [1][-]{section.38}{File Info}{}
\BOOKMARK [1][-]{section.39}{Capturing Advice}{}
\BOOKMARK [2][-]{subsection.39.1}{Choice of Camera}{section.39}
\BOOKMARK [2][-]{subsection.39.2}{Image Quality}{section.39}
\BOOKMARK [3][-]{subsubsection.39.2.1}{Shooting}{subsection.39.2}
\BOOKMARK [3][-]{subsubsection.39.2.2}{Post-processing}{subsection.39.2}
\BOOKMARK [2][-]{subsection.39.3}{Camera layout}{section.39}
\BOOKMARK [2][-]{subsection.39.4}{Scenes}{section.39}
\BOOKMARK [1][-]{section.40}{Technology}{}
\BOOKMARK [1][-]{section.41}{File Formats}{}
